Inicio de actividad
2025-09-03T18:37:57.941Z h
2025-09-03T19:04:35.353Z p
2025-09-03T19:10:16.213Z k
2025-09-03T19:23:22.658Z l
2025-09-03T19:24:56.810Z r
2025-09-03T19:33:30.778Z h
2025-09-03T19:42:52.197Z p
2025-09-03T19:53:06.820Z d
2025-09-03T20:05:04.526Z l
2025-09-03T20:17:16.760Z y
2025-09-03T20:29:34.988Z l
2025-09-03T20:38:46.652Z m
2025-09-03T20:46:40.132Z u
2025-09-03T20:54:38.913Z y
2025-09-03T21:04:27.268Z i
2025-09-03T21:16:28.446Z k
2025-09-03T21:26:45.434Z a
2025-09-03T21:35:05.524Z w
2025-09-03T21:43:01.162Z z
2025-09-03T21:53:18.103Z l
2025-09-03T22:04:35.586Z o
2025-09-03T22:16:38.497Z f
2025-09-03T22:28:19.630Z k
2025-09-03T22:37:10.688Z f
2025-09-03T22:44:33.563Z y
2025-09-03T22:53:05.858Z d
2025-09-03T23:04:49.632Z n
2025-09-03T23:16:29.152Z g
2025-09-03T23:26:22.876Z j
2025-09-03T23:34:38.796Z c
